Using pre-set license
Built from '2020.3/staging' branch; Version is '2020.3.18f1 (a7d1c678663c) revision 10998214'; Using compiler version '192528614'; Build Type 'Release'
OS: 'Windows 10 Home; OS build 19044.2486; Version 2009; 64bit' Language: 'en' Physical Memory: 15776 MB
BatchMode: 1, IsHumanControllingUs: 0, StartBugReporterOnCrash: 0, Is64bit: 1, IsPro: 0

COMMAND LINE ARGUMENTS:
C:\Program Files\Unity\Hub\Editor\2020.3.18f1\Editor\Unity.exe
-adb2
-batchMode
-noUpm
-name
AssetImportWorker0
-projectPath
C:/Users/oscar/Documents/Projects/Unity Projects/ProgrammingLab
-logFile
Logs/AssetImportWorker0.log
-srvPort
14077
Successfully changed project path to: C:/Users/oscar/Documents/Projects/Unity Projects/ProgrammingLab
C:/Users/oscar/Documents/Projects/Unity Projects/ProgrammingLab
Using Asset Import Pipeline V2.
Refreshing native plugins compatible for Editor in 25.17 ms, found 2 plugins.
Preloading 0 native plugins for Editor in 0.00 ms.
Initialize engine version: 2020.3.18f1 (a7d1c678663c)
[Subsystems] Discovering subsystems at path C:/Program Files/Unity/Hub/Editor/2020.3.18f1/Editor/Data/Resources/UnitySubsystems
[Subsystems] Discovering subsystems at path C:/Users/oscar/Documents/Projects/Unity Projects/ProgrammingLab/Assets
GfxDevice: creating device client; threaded=0
Direct3D:
    Version:  Direct3D 11.0 [level 11.1]
    Renderer: NVIDIA GeForce RTX 3050 Laptop GPU (ID=0x25a2)
    Vendor:   
    VRAM:     3977 MB
    Driver:   31.0.15.2802
Initialize mono
Mono path[0] = 'C:/Program Files/Unity/Hub/Editor/2020.3.18f1/Editor/Data/Managed'
Mono path[1] = 'C:/Program Files/Unity/Hub/Editor/2020.3.18f1/Editor/Data/MonoBleedingEdge/lib/mono/unityjit'
Mono config path = 'C:/Program Files/Unity/Hub/Editor/2020.3.18f1/Editor/Data/MonoBleedingEdge/etc'
Using monoOptions --debugger-agent=transport=dt_socket,embedding=1,server=y,suspend=n,address=127.0.0.1:56924
Begin MonoManager ReloadAssembly
Registering precompiled unity dll's ...
Register platform support module: C:/Program Files/Unity/Hub/Editor/2020.3.18f1/Editor/Data/PlaybackEngines/WindowsStandaloneSupport/UnityEditor.WindowsStandalone.Extensions.dll
Registered in 0.001815 seconds.
Native extension for WindowsStandalone target not found
Refreshing native plugins compatible for Editor in 25.02 ms, found 2 plugins.
Preloading 0 native plugins for Editor in 0.00 ms.
Mono: successfully reloaded assembly
- Completed reload, in  0.875 seconds
Domain Reload Profiling:
	ReloadAssembly (876ms)
		BeginReloadAssembly (45ms)
			ExecutionOrderSort (0ms)
			DisableScriptedObjects (0ms)
			BackupInstance (0ms)
			ReleaseScriptingObjects (0ms)
			CreateAndSetChildDomain (1ms)
		EndReloadAssembly (341ms)
			LoadAssemblies (43ms)
			RebuildTransferFunctionScriptingTraits (0ms)
			SetupTypeCache (112ms)
			ReleaseScriptCaches (0ms)
			RebuildScriptCaches (22ms)
			SetupLoadedEditorAssemblies (152ms)
				LogAssemblyErrors (0ms)
				InitializePlatformSupportModulesInManaged (3ms)
				SetLoadedEditorAssemblies (0ms)
				RefreshPlugins (25ms)
				BeforeProcessingInitializeOnLoad (15ms)
				ProcessInitializeOnLoadAttributes (82ms)
				ProcessInitializeOnLoadMethodAttributes (27ms)
				AfterProcessingInitializeOnLoad (0ms)
				EditorAssembliesLoaded (0ms)
			ExecutionOrderSort2 (0ms)
			AwakeInstancesAfterBackupRestoration (0ms)
Platform modules already initialized, skipping
Registering precompiled user dll's ...
Registered in 0.003378 seconds.
Begin MonoManager ReloadAssembly
Native extension for WindowsStandalone target not found
Refreshing native plugins compatible for Editor in 0.32 ms, found 2 plugins.
Preloading 0 native plugins for Editor in 0.00 ms.
Mono: successfully reloaded assembly
- Completed reload, in  0.798 seconds
Domain Reload Profiling:
	ReloadAssembly (798ms)
		BeginReloadAssembly (118ms)
			ExecutionOrderSort (0ms)
			DisableScriptedObjects (4ms)
			BackupInstance (0ms)
			ReleaseScriptingObjects (0ms)
			CreateAndSetChildDomain (17ms)
		EndReloadAssembly (630ms)
			LoadAssemblies (69ms)
			RebuildTransferFunctionScriptingTraits (0ms)
			SetupTypeCache (206ms)
			ReleaseScriptCaches (0ms)
			RebuildScriptCaches (30ms)
			SetupLoadedEditorAssemblies (256ms)
				LogAssemblyErrors (0ms)
				InitializePlatformSupportModulesInManaged (4ms)
				SetLoadedEditorAssemblies (0ms)
				RefreshPlugins (0ms)
				BeforeProcessingInitializeOnLoad (67ms)
				ProcessInitializeOnLoadAttributes (173ms)
				ProcessInitializeOnLoadMethodAttributes (4ms)
				AfterProcessingInitializeOnLoad (6ms)
				EditorAssembliesLoaded (0ms)
			ExecutionOrderSort2 (0ms)
			AwakeInstancesAfterBackupRestoration (6ms)
Platform modules already initialized, skipping
========================================================================
Worker process is ready to serve import requests
Launched and connected shader compiler UnityShaderCompiler.exe after 0.05 seconds
Refreshing native plugins compatible for Editor in 0.32 ms, found 2 plugins.
Preloading 0 native plugins for Editor in 0.00 ms.
Unloading 1398 Unused Serialized files (Serialized files now loaded: 0)
System memory in use before: 65.3 MB.
System memory in use after: 65.3 MB.

Unloading 16 unused Assets to reduce memory usage. Loaded Objects now: 1834.
Total: 2.883400 ms (FindLiveObjects: 0.157300 ms CreateObjectMapping: 0.038300 ms MarkObjects: 2.609300 ms  DeleteObjects: 0.077100 ms)

AssetImportParameters requested are different than current active one (requested -> active):
  custom:framework-win-MediaFoundation: 216162199b28c13a410421893ffa2e32 -> 
  custom:video-decoder-ogg-theora: a1e56fd34408186e4bbccfd4996cb3dc -> 
  custom:container-muxer-webm: aa71ff27fc2769a1b78a27578f13a17b -> 
  custom:container-demuxer-webm: 4f35f7cbe854078d1ac9338744f61a02 -> 
  custom:container-demuxer-ogg: 62fdf1f143b41e24485cea50d1cbac27 -> 
  custom:video-encoder-webm-vp8: eb34c28f22e8b96e1ab97ce403110664 -> 
  custom:video-codec-MediaFoundation-h265: 746d11721c4dcdbdad8f713fa42b33f4 -> 
  custom:video-decoder-webm-vp8: 9c59270c3fd7afecdb556c50c9e8de78 -> 
  custom:audio-decoder-ogg-vorbis: bf7c407c2cedff20999df2af8eb42d56 -> 
  custom:audio-encoder-webm-vorbis: bf7c407c2cedff20999df2af8eb42d56 -> 
========================================================================
Received Import Request.
  path: Assets/RobotSphere/Assets
  artifactKey: Guid(30d1cdc1b09d1f34aa54c83d0b69f316) Importer(815301076,1909f56bfc062723c751e8b465ee728b)
Start importing Assets/RobotSphere/Assets using Guid(30d1cdc1b09d1f34aa54c83d0b69f316) Importer(815301076,1909f56bfc062723c751e8b465ee728b)  -> (artifact id: '2f67c4972c5b9b47b6013195f95c2cdb') in 0.008372 seconds 
  Import took 0.010443 seconds .

========================================================================
Received Import Request.
  Time since last request: 0.995094 seconds.
  path: Assets/RobotSphere/Assets/Materials
  artifactKey: Guid(771f36338207b6640ae546f461b83493) Importer(815301076,1909f56bfc062723c751e8b465ee728b)
Start importing Assets/RobotSphere/Assets/Materials using Guid(771f36338207b6640ae546f461b83493) Importer(815301076,1909f56bfc062723c751e8b465ee728b)  -> (artifact id: 'b2b00bf15fb1ee8bab9b63a9d6095813') in 0.005881 seconds 
  Import took 0.008155 seconds .

========================================================================
Received Import Request.
  Time since last request: 52.302690 seconds.
  path: Assets/UnityTechnologies/SpaceRobotKyle
  artifactKey: Guid(8777548f9acd343cfb8d44266b2666e1) Importer(815301076,1909f56bfc062723c751e8b465ee728b)
Start importing Assets/UnityTechnologies/SpaceRobotKyle using Guid(8777548f9acd343cfb8d44266b2666e1) Importer(815301076,1909f56bfc062723c751e8b465ee728b)  -> (artifact id: '357fc33a1da065a0286af34c8bc87854') in 0.005792 seconds 
  Import took 0.008976 seconds .

========================================================================
Received Import Request.
  Time since last request: 1.679988 seconds.
  path: Assets/UnityTechnologies/SpaceRobotKyle/Models
  artifactKey: Guid(78578abe586444a18a7f50cc65313a41) Importer(815301076,1909f56bfc062723c751e8b465ee728b)
Start importing Assets/UnityTechnologies/SpaceRobotKyle/Models using Guid(78578abe586444a18a7f50cc65313a41) Importer(815301076,1909f56bfc062723c751e8b465ee728b)  -> (artifact id: 'd7f5a847185b429f946bd56d31dc4e2b') in 0.006162 seconds 
  Import took 0.008888 seconds .

========================================================================
Received Import Request.
  Time since last request: 4.923596 seconds.
  path: Assets/UnityTechnologies/SpaceRobotKyle/Models/Robot Kyle.fbx
  artifactKey: Guid(320b1c2af77554f99a1658df4a6d3d5c) Importer(815301076,1909f56bfc062723c751e8b465ee728b)
Start importing Assets/UnityTechnologies/SpaceRobotKyle/Models/Robot Kyle.fbx using Guid(320b1c2af77554f99a1658df4a6d3d5c) Importer(815301076,1909f56bfc062723c751e8b465ee728b)  -> (artifact id: '0d184cdda99db2045ebce8483b0dcbbd') in 0.147751 seconds 
  Import took 0.150240 seconds .

========================================================================
Received Import Request.
  Time since last request: 26.063598 seconds.
  path: Assets/RobotSphere/Assets/Models/Texture
  artifactKey: Guid(b05910682a612402ca41839d01f6f1c3) Importer(815301076,1909f56bfc062723c751e8b465ee728b)
Start importing Assets/RobotSphere/Assets/Models/Texture using Guid(b05910682a612402ca41839d01f6f1c3) Importer(815301076,1909f56bfc062723c751e8b465ee728b)  -> (artifact id: '73bfe672597e6cf7447b5efbc4c58200') in 0.006930 seconds 
  Import took 0.009104 seconds .

========================================================================
Received Import Request.
  Time since last request: 0.316311 seconds.
  path: Assets/RobotSphere/Assets/Models/robotSphere.fbm
  artifactKey: Guid(58dd762a432cc7d4986e83aceb08bb8f) Importer(815301076,1909f56bfc062723c751e8b465ee728b)
Start importing Assets/RobotSphere/Assets/Models/robotSphere.fbm using Guid(58dd762a432cc7d4986e83aceb08bb8f) Importer(815301076,1909f56bfc062723c751e8b465ee728b)  -> (artifact id: '1cf15843acffb906be9e2ad6f7127f1d') in 0.005640 seconds 
  Import took 0.008200 seconds .

========================================================================
Received Import Request.
  Time since last request: 130.989459 seconds.
  path: Assets/RobotSphere/Assets/Models/robotSphere.fbx
  artifactKey: Guid(bff429107601444d59c67940e6ad78c4) Importer(815301076,1909f56bfc062723c751e8b465ee728b)
Start importing Assets/RobotSphere/Assets/Models/robotSphere.fbx using Guid(bff429107601444d59c67940e6ad78c4) Importer(815301076,1909f56bfc062723c751e8b465ee728b)  -> (artifact id: '886856333cf967996e2e70cea2028405') in 0.483411 seconds 
  Import took 0.486194 seconds .

========================================================================
Received Import Request.
  Time since last request: 0.160619 seconds.
  path: Assets/RobotSphere/Assets/Prefab
  artifactKey: Guid(8e584c9121988de4db40c04a964b213e) Importer(815301076,1909f56bfc062723c751e8b465ee728b)
Start importing Assets/RobotSphere/Assets/Prefab using Guid(8e584c9121988de4db40c04a964b213e) Importer(815301076,1909f56bfc062723c751e8b465ee728b)  -> (artifact id: '947c3307f7a5da1f226abec6ddd05557') in 0.005902 seconds 
  Import took 0.008227 seconds .

========================================================================
Received Import Request.
  Time since last request: 17.694230 seconds.
  path: Assets/RobotSphere/Assets/Models/Animation/robotSphere@anim_open_GoToRoll.fbx
  artifactKey: Guid(f2fc0388a7c562e4fa0d179ac93423ba) Importer(815301076,1909f56bfc062723c751e8b465ee728b)
Start importing Assets/RobotSphere/Assets/Models/Animation/robotSphere@anim_open_GoToRoll.fbx using Guid(f2fc0388a7c562e4fa0d179ac93423ba) Importer(815301076,1909f56bfc062723c751e8b465ee728b)  -> (artifact id: '5ae0c2f7a16d924a73e60b9bca29248c') in 0.243890 seconds 
  Import took 0.247278 seconds .

========================================================================
Received Import Request.
  Time since last request: 0.000201 seconds.
  path: Assets/RobotSphere/Assets/Models/Animation/robotSphere@anim_open_Idle_F1.fbx
  artifactKey: Guid(1b77d6c7e7fbcb84c883cf63da0a79a5) Importer(815301076,1909f56bfc062723c751e8b465ee728b)
Start importing Assets/RobotSphere/Assets/Models/Animation/robotSphere@anim_open_Idle_F1.fbx using Guid(1b77d6c7e7fbcb84c883cf63da0a79a5) Importer(815301076,1909f56bfc062723c751e8b465ee728b)  -> (artifact id: '6a597e0399dce1fee42360ef090f845e') in 0.235957 seconds 
  Import took 0.238883 seconds .

========================================================================
Received Import Request.
  Time since last request: 0.000200 seconds.
  path: Assets/RobotSphere/Assets/Models/Animation/robotSphere@anim_open.fbx
  artifactKey: Guid(ecb6e102166bfcf47b9206c2f8297fc1) Importer(815301076,1909f56bfc062723c751e8b465ee728b)
Start importing Assets/RobotSphere/Assets/Models/Animation/robotSphere@anim_open.fbx using Guid(ecb6e102166bfcf47b9206c2f8297fc1) Importer(815301076,1909f56bfc062723c751e8b465ee728b)  -> (artifact id: 'd6bf928050b24d0ed737278874092511') in 0.209806 seconds 
  Import took 0.213369 seconds .

========================================================================
Received Import Request.
  Time since last request: 0.000164 seconds.
  path: Assets/RobotSphere/Assets/Models/Animation/robotSphere@anim_open_Idle_F1.fbx
  artifactKey: Guid(1b77d6c7e7fbcb84c883cf63da0a79a5) Importer(815301076,1909f56bfc062723c751e8b465ee728b)
Start importing Assets/RobotSphere/Assets/Models/Animation/robotSphere@anim_open_Idle_F1.fbx using Guid(1b77d6c7e7fbcb84c883cf63da0a79a5) Importer(815301076,1909f56bfc062723c751e8b465ee728b)  -> (artifact id: '6a597e0399dce1fee42360ef090f845e') in 0.161155 seconds 
  Import took 0.163931 seconds .

========================================================================
Received Import Request.
  Time since last request: 0.000191 seconds.
  path: Assets/RobotSphere/Assets/Models/Animation/robotSphere@anim_open_Walk_Loop.fbx
  artifactKey: Guid(757bc78a1e5310740a2eee895c77111c) Importer(815301076,1909f56bfc062723c751e8b465ee728b)
Start importing Assets/RobotSphere/Assets/Models/Animation/robotSphere@anim_open_Walk_Loop.fbx using Guid(757bc78a1e5310740a2eee895c77111c) Importer(815301076,1909f56bfc062723c751e8b465ee728b)  -> (artifact id: '4ff5e57f4d0db98dbef9a8f9166c3abb') in 0.160411 seconds 
  Import took 0.163733 seconds .

========================================================================
Received Import Request.
  Time since last request: 0.000193 seconds.
  path: Assets/RobotSphere/Assets/Models/Animation/robotSphere@anim_Idle_Loop_S.fbx
  artifactKey: Guid(52ad55bee0260b64da664da407ed38b4) Importer(815301076,1909f56bfc062723c751e8b465ee728b)
Start importing Assets/RobotSphere/Assets/Models/Animation/robotSphere@anim_Idle_Loop_S.fbx using Guid(52ad55bee0260b64da664da407ed38b4) Importer(815301076,1909f56bfc062723c751e8b465ee728b)  -> (artifact id: '8a14bc5d941a1a7294276a35f1001699') in 0.149150 seconds 
  Import took 0.152791 seconds .

========================================================================
Received Import Request.
  Time since last request: 0.000182 seconds.
  path: Assets/RobotSphere/Assets/Models/Animation/robotSphere@anim_closed_StopRoll.fbx
  artifactKey: Guid(a04d47ebf8b64cc4a94b13a384a37882) Importer(815301076,1909f56bfc062723c751e8b465ee728b)
Start importing Assets/RobotSphere/Assets/Models/Animation/robotSphere@anim_closed_StopRoll.fbx using Guid(a04d47ebf8b64cc4a94b13a384a37882) Importer(815301076,1909f56bfc062723c751e8b465ee728b)  -> (artifact id: '3a73b2345d8ace6ac830ee4b83f04da3') in 0.151328 seconds 
  Import took 0.154559 seconds .

========================================================================
Received Import Request.
  Time since last request: 13.188360 seconds.
  path: Assets/RobotSphere/Assets/Models/Animation/robotSphereAnmCont.controller
  artifactKey: Guid(8df5b386369d54778a922298504d1aba) Importer(815301076,1909f56bfc062723c751e8b465ee728b)
Start importing Assets/RobotSphere/Assets/Models/Animation/robotSphereAnmCont.controller using Guid(8df5b386369d54778a922298504d1aba) Importer(815301076,1909f56bfc062723c751e8b465ee728b)  -> (artifact id: '71a85d2c07ef0b28a973ceb283bffdc8') in 0.015582 seconds 
  Import took 0.018165 seconds .

========================================================================
Received Prepare
Registering precompiled user dll's ...
Registered in 0.002743 seconds.
Begin MonoManager ReloadAssembly
Native extension for WindowsStandalone target not found
Refreshing native plugins compatible for Editor in 0.42 ms, found 2 plugins.
Preloading 0 native plugins for Editor in 0.00 ms.
Mono: successfully reloaded assembly
- Completed reload, in  0.849 seconds
Domain Reload Profiling:
	ReloadAssembly (849ms)
		BeginReloadAssembly (103ms)
			ExecutionOrderSort (0ms)
			DisableScriptedObjects (4ms)
			BackupInstance (0ms)
			ReleaseScriptingObjects (0ms)
			CreateAndSetChildDomain (37ms)
		EndReloadAssembly (687ms)
			LoadAssemblies (79ms)
			RebuildTransferFunctionScriptingTraits (0ms)
			SetupTypeCache (232ms)
			ReleaseScriptCaches (1ms)
			RebuildScriptCaches (32ms)
			SetupLoadedEditorAssemblies (263ms)
				LogAssemblyErrors (0ms)
				InitializePlatformSupportModulesInManaged (5ms)
				SetLoadedEditorAssemblies (0ms)
				RefreshPlugins (0ms)
				BeforeProcessingInitializeOnLoad (67ms)
				ProcessInitializeOnLoadAttributes (179ms)
				ProcessInitializeOnLoadMethodAttributes (4ms)
				AfterProcessingInitializeOnLoad (7ms)
				EditorAssembliesLoaded (0ms)
			ExecutionOrderSort2 (0ms)
			AwakeInstancesAfterBackupRestoration (6ms)
Platform modules already initialized, skipping
Refreshing native plugins compatible for Editor in 0.38 ms, found 2 plugins.
Preloading 0 native plugins for Editor in 0.00 ms.
Unloading 1392 Unused Serialized files (Serialized files now loaded: 0)
System memory in use before: 82.6 MB.
System memory in use after: 82.7 MB.

Unloading 12 unused Assets to reduce memory usage. Loaded Objects now: 1847.
Total: 4.320300 ms (FindLiveObjects: 0.232600 ms CreateObjectMapping: 0.035200 ms MarkObjects: 3.988300 ms  DeleteObjects: 0.062400 ms)

AssetImportParameters requested are different than current active one (requested -> active):
  custom:framework-win-MediaFoundation: 216162199b28c13a410421893ffa2e32 -> 
  custom:video-decoder-ogg-theora: a1e56fd34408186e4bbccfd4996cb3dc -> 
  custom:container-muxer-webm: aa71ff27fc2769a1b78a27578f13a17b -> 
  custom:container-demuxer-webm: 4f35f7cbe854078d1ac9338744f61a02 -> 
  custom:container-demuxer-ogg: 62fdf1f143b41e24485cea50d1cbac27 -> 
  custom:video-encoder-webm-vp8: eb34c28f22e8b96e1ab97ce403110664 -> 
  custom:video-codec-MediaFoundation-h265: 746d11721c4dcdbdad8f713fa42b33f4 -> 
  custom:video-decoder-webm-vp8: 9c59270c3fd7afecdb556c50c9e8de78 -> 
  custom:audio-decoder-ogg-vorbis: bf7c407c2cedff20999df2af8eb42d56 -> 
  custom:audio-encoder-webm-vorbis: bf7c407c2cedff20999df2af8eb42d56 -> 
========================================================================
Received Import Request.
  Time since last request: 58.197080 seconds.
  path: Assets/RobotSphere/Assets/Models/Animation/robotSphere@anim_cloed_Roll_Loop.fbx
  artifactKey: Guid(a39d150aebfb4ce449f4a4f23709b822) Importer(815301076,1909f56bfc062723c751e8b465ee728b)
Start importing Assets/RobotSphere/Assets/Models/Animation/robotSphere@anim_cloed_Roll_Loop.fbx using Guid(a39d150aebfb4ce449f4a4f23709b822) Importer(815301076,1909f56bfc062723c751e8b465ee728b)  -> (artifact id: '2fa1134dcc7e3f4954b9b12f0dac4448') in 0.299990 seconds 
  Import took 0.302812 seconds .

========================================================================
Received Import Request.
  Time since last request: 0.000165 seconds.
  path: Assets/RobotSphere/Assets/Models/Animation/robotSphere@anim_close.fbx
  artifactKey: Guid(d7222f7175ac71943b44f3d2f8ae3453) Importer(815301076,1909f56bfc062723c751e8b465ee728b)
Start importing Assets/RobotSphere/Assets/Models/Animation/robotSphere@anim_close.fbx using Guid(d7222f7175ac71943b44f3d2f8ae3453) Importer(815301076,1909f56bfc062723c751e8b465ee728b)  -> (artifact id: 'fa04fd5a854f65bc9f0aefc1b5b5fd31') in 0.235570 seconds 
  Import took 0.239148 seconds .

========================================================================
Received Import Request.
  Time since last request: 0.002476 seconds.
  path: Assets/RobotSphere/Assets/Models/Animation/robotSphere@anim_close.fbx
  artifactKey: Guid(d7222f7175ac71943b44f3d2f8ae3453) Importer(815301076,1909f56bfc062723c751e8b465ee728b)
Start importing Assets/RobotSphere/Assets/Models/Animation/robotSphere@anim_close.fbx using Guid(d7222f7175ac71943b44f3d2f8ae3453) Importer(815301076,1909f56bfc062723c751e8b465ee728b)  -> (artifact id: 'fa04fd5a854f65bc9f0aefc1b5b5fd31') in 0.208444 seconds 
  Import took 0.211270 seconds .

========================================================================
Received Prepare
Registering precompiled user dll's ...
Registered in 0.002549 seconds.
Begin MonoManager ReloadAssembly
Native extension for WindowsStandalone target not found
Refreshing native plugins compatible for Editor in 0.32 ms, found 2 plugins.
Preloading 0 native plugins for Editor in 0.00 ms.
Mono: successfully reloaded assembly
- Completed reload, in  0.715 seconds
Domain Reload Profiling:
	ReloadAssembly (715ms)
		BeginReloadAssembly (94ms)
			ExecutionOrderSort (0ms)
			DisableScriptedObjects (3ms)
			BackupInstance (0ms)
			ReleaseScriptingObjects (0ms)
			CreateAndSetChildDomain (31ms)
		EndReloadAssembly (571ms)
			LoadAssemblies (67ms)
			RebuildTransferFunctionScriptingTraits (0ms)
			SetupTypeCache (194ms)
			ReleaseScriptCaches (1ms)
			RebuildScriptCaches (26ms)
			SetupLoadedEditorAssemblies (216ms)
				LogAssemblyErrors (0ms)
				InitializePlatformSupportModulesInManaged (4ms)
				SetLoadedEditorAssemblies (0ms)
				RefreshPlugins (0ms)
				BeforeProcessingInitializeOnLoad (58ms)
				ProcessInitializeOnLoadAttributes (143ms)
				ProcessInitializeOnLoadMethodAttributes (3ms)
				AfterProcessingInitializeOnLoad (6ms)
				EditorAssembliesLoaded (0ms)
			ExecutionOrderSort2 (0ms)
			AwakeInstancesAfterBackupRestoration (5ms)
Platform modules already initialized, skipping
Refreshing native plugins compatible for Editor in 0.33 ms, found 2 plugins.
Preloading 0 native plugins for Editor in 0.00 ms.
Unloading 1392 Unused Serialized files (Serialized files now loaded: 0)
System memory in use before: 82.7 MB.
System memory in use after: 82.8 MB.

Unloading 12 unused Assets to reduce memory usage. Loaded Objects now: 1850.
Total: 2.406900 ms (FindLiveObjects: 0.160400 ms CreateObjectMapping: 0.036800 ms MarkObjects: 2.190000 ms  DeleteObjects: 0.018600 ms)

AssetImportParameters requested are different than current active one (requested -> active):
  custom:framework-win-MediaFoundation: 216162199b28c13a410421893ffa2e32 -> 
  custom:video-decoder-ogg-theora: a1e56fd34408186e4bbccfd4996cb3dc -> 
  custom:container-muxer-webm: aa71ff27fc2769a1b78a27578f13a17b -> 
  custom:container-demuxer-webm: 4f35f7cbe854078d1ac9338744f61a02 -> 
  custom:container-demuxer-ogg: 62fdf1f143b41e24485cea50d1cbac27 -> 
  custom:video-encoder-webm-vp8: eb34c28f22e8b96e1ab97ce403110664 -> 
  custom:video-codec-MediaFoundation-h265: 746d11721c4dcdbdad8f713fa42b33f4 -> 
  custom:video-decoder-webm-vp8: 9c59270c3fd7afecdb556c50c9e8de78 -> 
  custom:audio-decoder-ogg-vorbis: bf7c407c2cedff20999df2af8eb42d56 -> 
  custom:audio-encoder-webm-vorbis: bf7c407c2cedff20999df2af8eb42d56 -> 
========================================================================
Received Prepare
Registering precompiled user dll's ...
Registered in 0.003117 seconds.
Begin MonoManager ReloadAssembly
Native extension for WindowsStandalone target not found
Refreshing native plugins compatible for Editor in 0.33 ms, found 2 plugins.
Preloading 0 native plugins for Editor in 0.00 ms.
Mono: successfully reloaded assembly
- Completed reload, in  0.720 seconds
Domain Reload Profiling:
	ReloadAssembly (720ms)
		BeginReloadAssembly (97ms)
			ExecutionOrderSort (0ms)
			DisableScriptedObjects (4ms)
			BackupInstance (0ms)
			ReleaseScriptingObjects (0ms)
			CreateAndSetChildDomain (28ms)
		EndReloadAssembly (574ms)
			LoadAssemblies (68ms)
			RebuildTransferFunctionScriptingTraits (0ms)
			SetupTypeCache (189ms)
			ReleaseScriptCaches (1ms)
			RebuildScriptCaches (26ms)
			SetupLoadedEditorAssemblies (223ms)
				LogAssemblyErrors (0ms)
				InitializePlatformSupportModulesInManaged (4ms)
				SetLoadedEditorAssemblies (0ms)
				RefreshPlugins (0ms)
				BeforeProcessingInitializeOnLoad (60ms)
				ProcessInitializeOnLoadAttributes (148ms)
				ProcessInitializeOnLoadMethodAttributes (3ms)
				AfterProcessingInitializeOnLoad (6ms)
				EditorAssembliesLoaded (0ms)
			ExecutionOrderSort2 (0ms)
			AwakeInstancesAfterBackupRestoration (5ms)
Platform modules already initialized, skipping
Refreshing native plugins compatible for Editor in 0.32 ms, found 2 plugins.
Preloading 0 native plugins for Editor in 0.00 ms.
Unloading 1392 Unused Serialized files (Serialized files now loaded: 0)
System memory in use before: 82.7 MB.
System memory in use after: 82.8 MB.

Unloading 11 unused Assets to reduce memory usage. Loaded Objects now: 1852.
Total: 2.520700 ms (FindLiveObjects: 0.156500 ms CreateObjectMapping: 0.035600 ms MarkObjects: 2.313100 ms  DeleteObjects: 0.014400 ms)

AssetImportParameters requested are different than current active one (requested -> active):
  custom:framework-win-MediaFoundation: 216162199b28c13a410421893ffa2e32 -> 
  custom:video-decoder-ogg-theora: a1e56fd34408186e4bbccfd4996cb3dc -> 
  custom:container-muxer-webm: aa71ff27fc2769a1b78a27578f13a17b -> 
  custom:container-demuxer-webm: 4f35f7cbe854078d1ac9338744f61a02 -> 
  custom:container-demuxer-ogg: 62fdf1f143b41e24485cea50d1cbac27 -> 
  custom:video-encoder-webm-vp8: eb34c28f22e8b96e1ab97ce403110664 -> 
  custom:video-codec-MediaFoundation-h265: 746d11721c4dcdbdad8f713fa42b33f4 -> 
  custom:video-decoder-webm-vp8: 9c59270c3fd7afecdb556c50c9e8de78 -> 
  custom:audio-decoder-ogg-vorbis: bf7c407c2cedff20999df2af8eb42d56 -> 
  custom:audio-encoder-webm-vorbis: bf7c407c2cedff20999df2af8eb42d56 -> 
========================================================================
Received Prepare
Registering precompiled user dll's ...
Registered in 0.002507 seconds.
Begin MonoManager ReloadAssembly
Native extension for WindowsStandalone target not found
Refreshing native plugins compatible for Editor in 0.32 ms, found 2 plugins.
Preloading 0 native plugins for Editor in 0.00 ms.
Mono: successfully reloaded assembly
- Completed reload, in  0.718 seconds
Domain Reload Profiling:
	ReloadAssembly (718ms)
		BeginReloadAssembly (92ms)
			ExecutionOrderSort (0ms)
			DisableScriptedObjects (4ms)
			BackupInstance (0ms)
			ReleaseScriptingObjects (0ms)
			CreateAndSetChildDomain (28ms)
		EndReloadAssembly (574ms)
			LoadAssemblies (69ms)
			RebuildTransferFunctionScriptingTraits (0ms)
			SetupTypeCache (189ms)
			ReleaseScriptCaches (1ms)
			RebuildScriptCaches (26ms)
			SetupLoadedEditorAssemblies (220ms)
				LogAssemblyErrors (0ms)
				InitializePlatformSupportModulesInManaged (4ms)
				SetLoadedEditorAssemblies (0ms)
				RefreshPlugins (0ms)
				BeforeProcessingInitializeOnLoad (59ms)
				ProcessInitializeOnLoadAttributes (147ms)
				ProcessInitializeOnLoadMethodAttributes (3ms)
				AfterProcessingInitializeOnLoad (6ms)
				EditorAssembliesLoaded (0ms)
			ExecutionOrderSort2 (0ms)
			AwakeInstancesAfterBackupRestoration (5ms)
Platform modules already initialized, skipping
Refreshing native plugins compatible for Editor in 0.32 ms, found 2 plugins.
Preloading 0 native plugins for Editor in 0.00 ms.
Unloading 1392 Unused Serialized files (Serialized files now loaded: 0)
System memory in use before: 82.7 MB.
System memory in use after: 82.8 MB.

Unloading 11 unused Assets to reduce memory usage. Loaded Objects now: 1854.
Total: 2.377800 ms (FindLiveObjects: 0.139900 ms CreateObjectMapping: 0.038600 ms MarkObjects: 2.185800 ms  DeleteObjects: 0.012700 ms)

AssetImportParameters requested are different than current active one (requested -> active):
  custom:framework-win-MediaFoundation: 216162199b28c13a410421893ffa2e32 -> 
  custom:video-decoder-ogg-theora: a1e56fd34408186e4bbccfd4996cb3dc -> 
  custom:container-muxer-webm: aa71ff27fc2769a1b78a27578f13a17b -> 
  custom:container-demuxer-webm: 4f35f7cbe854078d1ac9338744f61a02 -> 
  custom:container-demuxer-ogg: 62fdf1f143b41e24485cea50d1cbac27 -> 
  custom:video-encoder-webm-vp8: eb34c28f22e8b96e1ab97ce403110664 -> 
  custom:video-codec-MediaFoundation-h265: 746d11721c4dcdbdad8f713fa42b33f4 -> 
  custom:video-decoder-webm-vp8: 9c59270c3fd7afecdb556c50c9e8de78 -> 
  custom:audio-decoder-ogg-vorbis: bf7c407c2cedff20999df2af8eb42d56 -> 
  custom:audio-encoder-webm-vorbis: bf7c407c2cedff20999df2af8eb42d56 -> 
AssetImportWorkerClient::OnTransportError - code=2 error=End of file
